<?xml version="1.0" encoding="UTF-8"?>
<coverage generated="1642791706909" clover="3.2.0">
  <project timestamp="1642791706909" name="All files">
    <metrics statements="7" coveredstatements="7" conditionals="4" coveredconditionals="4" methods="2" coveredmethods="2" elements="13" coveredelements="13" complexity="0" loc="7" ncloc="7" packages="1" files="2" classes="2"/>
    <file name="calculator.js" path="/home/tkadyear/workspace/clase/test/clase-de-testing/src/js/calculator.js">
      <metrics statements="2" coveredstatements="2" conditionals="0" coveredconditionals="0" methods="1" coveredmethods="1"/>
      <line num="2" count="1" type="stmt"/>
      <line num="4" count="1" type="stmt"/>
    </file>
    <file name="yearsToDays.js" path="/home/tkadyear/workspace/clase/test/clase-de-testing/src/js/yearsToDays.js">
      <metrics statements="5" coveredstatements="5" conditionals="4" coveredconditionals="4" methods="1" coveredmethods="1"/>
      <line num="2" count="4" type="stmt"/>
      <line num="3" count="4" type="cond" truecount="4" falsecount="0"/>
      <line num="4" count="3" type="stmt"/>
      <line num="6" count="1" type="stmt"/>
      <line num="8" count="1" type="stmt"/>
    </file>
  </project>
</coverage>
