TN:
SF:src/js/calculator.js
FN:1,sum
FNF:1
FNH:1
FNDA:1,sum
DA:2,1
DA:4,1
LF:2
LH:2
BRF:0
BRH:0
end_of_record
TN:
SF:src/js/minMaxArray.js
FN:2,minMaxArray
FN:15,(anonymous_1)
FNF:2
FNH:2
FNDA:5,minMaxArray
FNDA:11,(anonymous_1)
DA:3,5
DA:4,1
DA:7,4
DA:8,1
DA:10,3
DA:11,13
DA:12,1
DA:15,11
DA:16,2
DA:19,1
LF:10
LH:10
BRDA:3,0,0,1
BRDA:3,0,1,4
BRDA:7,1,0,1
BRDA:7,1,1,3
BRDA:11,2,0,1
BRDA:11,2,1,12
BRF:6
BRH:6
end_of_record
TN:
SF:src/js/yearsToDays.js
FN:1,yearsToDay
FNF:1
FNH:1
FNDA:4,yearsToDay
DA:2,4
DA:3,4
DA:4,3
DA:6,1
DA:8,1
LF:5
LH:5
BRDA:3,0,0,3
BRDA:3,0,1,1
BRDA:3,1,0,4
BRDA:3,1,1,2
BRF:4
BRH:4
end_of_record
